2025-09-07 14:29:08 | INFO | __main__:49 | Logger loaded.
2025-09-07 14:29:08 | INFO | __main__:171 | STARTING main()..
2025-09-07 14:29:08 | INFO | __main__:172 | Byline:

**********************************************************
Kilimanjaro Analytics — Project Header
**********************************************************
Author:                     Agnes Mrutu
Motto:                      Hapa Kazi Tu.
Years Active:               5
Number of Employees:      25
Accepting New Clients?:     True
Hiring?:                    False
Remote Workshops?:          True
office Locations:         ['Dododma', 'Same', 'Karatu', 'Tukuyu', 'Mwakaleli']
Services:                   ['Data Analysis', 'Machine Learning', 'Business Intelligence']
Client Satisfaction Scores: [4.8, 4.6, 4.9, 5.0, 4.7]
Minimum Satisfaction Score: 4.6
Maximum Satisfaction Score: 5.0
Mean Satisfaction Score:    4.80
     Standard Deviation:    0.16
**********************************************************

2025-09-07 14:29:08 | INFO | __main__:183 | This module is organized like all Python modules.
2025-09-07 14:29:08 | INFO | __main__:184 | We write professional Python from the start.
2025-09-07 14:29:08 | INFO | __main__:185 | END main()...
